<?xml version="1.0" encoding="UTF-8"?>
<testng-results ignored="0" total="6" passed="6" failed="0" skipped="0">
  <reporter-output>
  </reporter-output>
  <suite started-at="2023-02-19T21:28:33 IST" name="Default suite" finished-at="2023-02-19T21:29:14 IST" duration-ms="41117">
    <groups>
      <group name="cucumber">
        <method signature="AbstractTestNGCucumberTests.runScenario(io.cucumber.testng.PickleWrapper,io.cucumber.testng.FeatureWrapper)[pri:0, instance:bdd.automation.runners.TestRunner@1d296da]" name="runScenario" class="io.cucumber.testng.AbstractTestNGCucumberTests"/>
      </group> <!-- cucumber -->
    </groups>
    <test started-at="2023-02-19T21:28:33 IST" name="Default test" finished-at="2023-02-19T21:29:14 IST" duration-ms="41117">
      <class name="bdd.automation.runners.TestRunner">
        <test-method is-config="true" signature="setUpClass(org.testng.ITestContext)[pri:0, instance:bdd.automation.runners.TestRunner@1d296da]" started-at="2023-02-19T21:28:33 IST" name="setUpClass" finished-at="2023-02-19T21:28:36 IST" duration-ms="2376" status="PASS">
          <params>
            <param index="0">
              <value>
                <![CDATA[org.testng.TestRunner@b18c4]]>
              </value>
            </param>
          </params>
          <reporter-output>
          </reporter-output>
        </test-method> <!-- setUpClass -->
        <test-method signature="runScenario(io.cucumber.testng.PickleWrapper,io.cucumber.testng.FeatureWrapper)[pri:0, instance:bdd.automation.runners.TestRunner@1d296da]" started-at="2023-02-19T21:28:36 IST" name="runScenario" description="Runs Cucumber Scenarios" data-provider="scenarios" finished-at="2023-02-19T21:28:58 IST" duration-ms="22122" status="PASS">
          <params>
            <param index="0">
              <value>
                <![CDATA["validate login functionality with invalid username and valid password"]]>
              </value>
            </param>
            <param index="1">
              <value>
                <![CDATA["Login Functionality Validations"]]>
              </value>
            </param>
          </params>
          <reporter-output>
          </reporter-output>
        </test-method> <!-- runScenario -->
        <test-method signature="runScenario(io.cucumber.testng.PickleWrapper,io.cucumber.testng.FeatureWrapper)[pri:0, instance:bdd.automation.runners.TestRunner@1d296da]" started-at="2023-02-19T21:28:36 IST" name="runScenario" description="Runs Cucumber Scenarios" data-provider="scenarios" finished-at="2023-02-19T21:29:00 IST" duration-ms="24275" status="PASS">
          <params>
            <param index="0">
              <value>
                <![CDATA["validate login functionality with valid username and valid password"]]>
              </value>
            </param>
            <param index="1">
              <value>
                <![CDATA["Login Functionality Validations"]]>
              </value>
            </param>
          </params>
          <reporter-output>
          </reporter-output>
        </test-method> <!-- runScenario -->
        <test-method signature="runScenario(io.cucumber.testng.PickleWrapper,io.cucumber.testng.FeatureWrapper)[pri:0, instance:bdd.automation.runners.TestRunner@1d296da]" started-at="2023-02-19T21:28:36 IST" name="runScenario" description="Runs Cucumber Scenarios" data-provider="scenarios" finished-at="2023-02-19T21:28:36 IST" duration-ms="716" status="PASS">
          <params>
            <param index="0">
              <value>
                <![CDATA["Verify if login is successfull with new credentials"]]>
              </value>
            </param>
            <param index="1">
              <value>
                <![CDATA["Add Employee Functionality Validation"]]>
              </value>
            </param>
          </params>
          <reporter-output>
          </reporter-output>
        </test-method> <!-- runScenario -->
        <test-method signature="runScenario(io.cucumber.testng.PickleWrapper,io.cucumber.testng.FeatureWrapper)[pri:0, instance:bdd.automation.runners.TestRunner@1d296da]" started-at="2023-02-19T21:28:36 IST" name="runScenario" description="Runs Cucumber Scenarios" data-provider="scenarios" finished-at="2023-02-19T21:28:36 IST" duration-ms="714" status="PASS">
          <params>
            <param index="0">
              <value>
                <![CDATA["Verify if the added employee is reflected in the employee list"]]>
              </value>
            </param>
            <param index="1">
              <value>
                <![CDATA["Add Employee Functionality Validation"]]>
              </value>
            </param>
          </params>
          <reporter-output>
          </reporter-output>
        </test-method> <!-- runScenario -->
        <test-method signature="runScenario(io.cucumber.testng.PickleWrapper,io.cucumber.testng.FeatureWrapper)[pri:0, instance:bdd.automation.runners.TestRunner@1d296da]" started-at="2023-02-19T21:28:36 IST" name="runScenario" description="Runs Cucumber Scenarios" data-provider="scenarios" finished-at="2023-02-19T21:29:00 IST" duration-ms="24263" status="PASS">
          <params>
            <param index="0">
              <value>
                <![CDATA["validate login functionality with valid username and invalid password"]]>
              </value>
            </param>
            <param index="1">
              <value>
                <![CDATA["Login Functionality Validations"]]>
              </value>
            </param>
          </params>
          <reporter-output>
          </reporter-output>
        </test-method> <!-- runScenario -->
        <test-method signature="runScenario(io.cucumber.testng.PickleWrapper,io.cucumber.testng.FeatureWrapper)[pri:0, instance:bdd.automation.runners.TestRunner@1d296da]" started-at="2023-02-19T21:28:36 IST" name="runScenario" description="Runs Cucumber Scenarios" data-provider="scenarios" finished-at="2023-02-19T21:29:14 IST" duration-ms="37959" status="PASS">
          <params>
            <param index="0">
              <value>
                <![CDATA["Verify if admin user is able to add employee successfully"]]>
              </value>
            </param>
            <param index="1">
              <value>
                <![CDATA["Add Employee Functionality Validation"]]>
              </value>
            </param>
          </params>
          <reporter-output>
          </reporter-output>
        </test-method> <!-- runScenario -->
        <test-method is-config="true" signature="tearDownClass()[pri:0, instance:bdd.automation.runners.TestRunner@1d296da]" started-at="2023-02-19T21:29:14 IST" name="tearDownClass" finished-at="2023-02-19T21:29:14 IST" duration-ms="691" status="PASS">
          <reporter-output>
          </reporter-output>
        </test-method> <!-- tearDownClass -->
      </class> <!-- bdd.automation.runners.TestRunner -->
    </test> <!-- Default test -->
  </suite> <!-- Default suite -->
</testng-results>
